<?xml version="1.0" encoding="UTF-8"?>
<testsuites name="CA_Suite_1" time="35" tests="3" failures="3" errors="0">
   <testsuite name="CA_Suite_1" tests="3" failures="3" errors="0" time="35" timestamp="2018-08-16 19:02:27" hostname="rodrigodavila - 192.168.1.100" id="Test Suites/CA_Suite_1">
      <properties>
         <property name="deviceName" value=""/>
         <property name="devicePlatform" value=""/>
         <property name="logFolder" value="/Users/rodrigodavila/Katalon Studio/TestProject1/Reports/CA_Suite_1/20180816_190225"/>
         <property name="logFiles" value="/Users/rodrigodavila/Katalon Studio/TestProject1/Reports/CA_Suite_1/20180816_190225/execution0.log"/>
         <property name="attachments" value="/Users/rodrigodavila/Katalon Studio/TestProject1/Reports/CA_Suite_1/20180816_190225/1534456965308.png, /Users/rodrigodavila/Katalon Studio/TestProject1/Reports/CA_Suite_1/20180816_190225/1534456979331.png, /Users/rodrigodavila/Katalon Studio/TestProject1/Reports/CA_Suite_1/20180816_190225/1534456982884.png"/>
         <property name="hostName" value="rodrigodavila - 192.168.1.100"/>
         <property name="os" value="Mac OS X 64bit"/>
         <property name="katalonVersion" value="5.6.0.1"/>
         <property name="browser" value="Chrome 68.0.3440.106"/>
         <property name="hostAddress" value="192.168.1.100"/>
         <property name="sessionId" value="96e908ee32a7f15afd83d6f11d9ad791"/>
         <property name="seleniumVersion" value="3.7.1"/>
         <property name="proxyInformation" value="ProxyInformation{proxyOption=NO_PROXY, proxyServerType=HTTP, password=, proxyServerAddress=, proxyServerPort=0}"/>
         <property name="platform" value="Mac OS X"/>
      </properties>
      <testcase name="Test Cases/CA_Test_1" classname="Test Cases/CA_Test_1" status="PASSED">
         <system-out><![CDATA[2018-08-16 19:02:28 - [TEST_CASE][PASSED] - Test Cases/CA_Test_1: Test Cases/CA_Test_1

2018-08-16 19:02:28 - [TEST_STEP][PASSED] - openBrowser: Browser is opened with url: ''

2018-08-16 19:02:31 - [MESSAGE][PASSED] - Browser is opened with url: ''

2018-08-16 19:02:31 - [TEST_STEP][PASSED] - navigateToUrl: Navigate to 'https://www.consumeraffairs.com/' successfully

2018-08-16 19:02:33 - [MESSAGE][PASSED] - Navigate to 'https://www.consumeraffairs.com/' successfully

2018-08-16 19:02:33 - [TEST_STEP][PASSED] - click: Object: 'Object Repository/Page_ConsumerAffairs.com Research./div_Dog Food' is clicked on

2018-08-16 19:02:35 - [MESSAGE][PASSED] - Object: 'Object Repository/Page_ConsumerAffairs.com Research./div_Dog Food' is clicked on

2018-08-16 19:02:35 - [TEST_STEP][PASSED] - verifyElementClickable: Object 'Object Repository/Page_Best Dog Food  ConsumerAffairs/a_Visit Website' is clickable

2018-08-16 19:02:35 - [MESSAGE][PASSED] - Object 'Object Repository/Page_Best Dog Food  ConsumerAffairs/a_Visit Website' is clickable

2018-08-16 19:02:35 - [TEST_STEP][PASSED] - click: Object: 'Object Repository/Page_Best Dog Food  ConsumerAffairs/a_Visit Website' is clicked on

2018-08-16 19:02:35 - [MESSAGE][PASSED] - Object: 'Object Repository/Page_Best Dog Food  ConsumerAffairs/a_Visit Website' is clicked on]]></system-out>
         <system-err><![CDATA[]]></system-err>
      </testcase>
      <testcase name="Test Cases/CA_Test_2" classname="Test Cases/CA_Test_2" status="PASSED">
         <system-out><![CDATA[2018-08-16 19:02:35 - [TEST_CASE][PASSED] - Test Cases/CA_Test_2: Test Cases/CA_Test_2

2018-08-16 19:02:35 - [TEST_STEP][PASSED] - openBrowser: Browser is opened with url: ''

2018-08-16 19:02:35 - [MESSAGE][WARNING] - A browser is already opened. Closing browser and opening a new one

2018-08-16 19:02:36 - [MESSAGE][PASSED] - Browser is opened with url: ''

2018-08-16 19:02:36 - [TEST_STEP][PASSED] - navigateToUrl: Navigate to 'https://www.consumeraffairs.com/' successfully

2018-08-16 19:02:39 - [MESSAGE][PASSED] - Navigate to 'https://www.consumeraffairs.com/' successfully

2018-08-16 19:02:39 - [TEST_STEP][PASSED] - click: Object: 'Object Repository/Page_ConsumerAffairs.com Research./a_View our buyers guides' is clicked on

2018-08-16 19:02:40 - [MESSAGE][PASSED] - Object: 'Object Repository/Page_ConsumerAffairs.com Research./a_View our buyers guides' is clicked on

2018-08-16 19:02:40 - [TEST_STEP][PASSED] - click: Object: 'Object Repository/Page_Resources by Topic - ConsumerA/a_TravelSpend less time planni' is clicked on

2018-08-16 19:02:40 - [MESSAGE][PASSED] - Object: 'Object Repository/Page_Resources by Topic - ConsumerA/a_TravelSpend less time planni' is clicked on

2018-08-16 19:02:40 - [TEST_STEP][PASSED] - verifyElementClickable: Object 'Object Repository/Page_Resources by Topic - ConsumerA/a_Travel Sites' is clickable

2018-08-16 19:02:40 - [MESSAGE][PASSED] - Object 'Object Repository/Page_Resources by Topic - ConsumerA/a_Travel Sites' is clickable

2018-08-16 19:02:40 - [TEST_STEP][PASSED] - click: Object: 'Object Repository/Page_Resources by Topic - ConsumerA/a_Travel Sites' is clicked on

2018-08-16 19:02:42 - [MESSAGE][PASSED] - Object: 'Object Repository/Page_Resources by Topic - ConsumerA/a_Travel Sites' is clicked on]]></system-out>
         <system-err><![CDATA[]]></system-err>
      </testcase>
      <testcase name="Test Cases/CA_Test_3" classname="Test Cases/CA_Test_3" status="FAILED">
         <failure type="FAILED" message="Unable to click on object (Root cause: java.lang.IllegalArgumentException: Object is null)"/>
         <system-out><![CDATA[2018-08-16 19:02:42 - [TEST_CASE][FAILED] - Test Cases/CA_Test_3: Test Cases/CA_Test_3 FAILED because (of) Unable to click on object (Root cause: java.lang.IllegalArgumentException: Object is null)

2018-08-16 19:02:42 - [TEST_STEP][PASSED] - openBrowser: Browser is opened with url: ''

2018-08-16 19:02:42 - [MESSAGE][WARNING] - A browser is already opened. Closing browser and opening a new one

2018-08-16 19:02:43 - [MESSAGE][PASSED] - Browser is opened with url: ''

2018-08-16 19:02:43 - [TEST_STEP][PASSED] - navigateToUrl: Navigate to 'https://www.consumeraffairs.com/' successfully

2018-08-16 19:02:45 - [MESSAGE][PASSED] - Navigate to 'https://www.consumeraffairs.com/' successfully

2018-08-16 19:02:45 - [TEST_STEP][FAILED] - click: Unable to click on object (Root cause: java.lang.IllegalArgumentException: Object is null)

2018-08-16 19:02:45 - [MESSAGE][WARNING] - Test object with id 'Object Repository/Page_ConsumerAffairs.com Research. /a_LOG IN' does not exist

2018-08-16 19:02:45 - [MESSAGE][WARNING] - Test object with id 'Object Repository/' does not exist

2018-08-16 19:02:45 - [MESSAGE][FAILED] - Unable to click on object (Root cause: java.lang.IllegalArgumentException: Object is null)
[[ATTACHMENT|/Users/rodrigodavila/Katalon Studio/TestProject1/Reports/CA_Suite_1/20180816_190225/1534456965308.png]]]]></system-out>
         <system-err><![CDATA[2018-08-16 19:02:42 - [TEST_CASE][FAILED] - Test Cases/CA_Test_3: Test Cases/CA_Test_3 FAILED because (of) Unable to click on object (Root cause: java.lang.IllegalArgumentException: Object is null)]]></system-err>
      </testcase>
      <testcase name="Test Cases/CA_Test_4" classname="Test Cases/CA_Test_4" status="PASSED">
         <system-out><![CDATA[2018-08-16 19:02:45 - [TEST_CASE][PASSED] - Test Cases/CA_Test_4: Test Cases/CA_Test_4

2018-08-16 19:02:46 - [TEST_STEP][PASSED] - openBrowser: Browser is opened with url: ''

2018-08-16 19:02:46 - [MESSAGE][WARNING] - A browser is already opened. Closing browser and opening a new one

2018-08-16 19:02:47 - [MESSAGE][PASSED] - Browser is opened with url: ''

2018-08-16 19:02:47 - [TEST_STEP][PASSED] - navigateToUrl: Navigate to 'https://www.consumeraffairs.com/' successfully

2018-08-16 19:02:49 - [MESSAGE][PASSED] - Navigate to 'https://www.consumeraffairs.com/' successfully

2018-08-16 19:02:49 - [TEST_STEP][PASSED] - click: Object: 'Object Repository/Page_ConsumerAffairs.com Research./a_News' is clicked on

2018-08-16 19:02:51 - [MESSAGE][PASSED] - Object: 'Object Repository/Page_ConsumerAffairs.com Research./a_News' is clicked on

2018-08-16 19:02:51 - [TEST_STEP][PASSED] - click: Object: 'Object Repository/Page_Consumer News/a_Buyers Guides' is clicked on

2018-08-16 19:02:52 - [MESSAGE][PASSED] - Object: 'Object Repository/Page_Consumer News/a_Buyers Guides' is clicked on

2018-08-16 19:02:52 - [TEST_STEP][PASSED] - click: Object: 'Object Repository/Page_Resources by Topic - ConsumerA/button_Write a review' is clicked on

2018-08-16 19:02:53 - [MESSAGE][PASSED] - Object: 'Object Repository/Page_Resources by Topic - ConsumerA/button_Write a review' is clicked on

2018-08-16 19:02:53 - [TEST_STEP][PASSED] - click: Object: 'Object Repository/Page_Write a Review/header_Menu Consumer NewsBuyer' is clicked on

2018-08-16 19:02:53 - [MESSAGE][PASSED] - Object: 'Object Repository/Page_Write a Review/header_Menu Consumer NewsBuyer' is clicked on

2018-08-16 19:02:53 - [TEST_STEP][PASSED] - click: Object: 'Object Repository/Page_Write a Review/a_Log in' is clicked on

2018-08-16 19:02:55 - [MESSAGE][PASSED] - Object: 'Object Repository/Page_Write a Review/a_Log in' is clicked on]]></system-out>
         <system-err><![CDATA[]]></system-err>
      </testcase>
      <testcase name="Test Cases/CA_Test_5" classname="Test Cases/CA_Test_5" status="FAILED">
         <failure type="FAILED" message="Unable to set text (Root cause: java.lang.IllegalArgumentException: Object is null)"/>
         <system-out><![CDATA[2018-08-16 19:02:55 - [TEST_CASE][FAILED] - Test Cases/CA_Test_5: Test Cases/CA_Test_5 FAILED because (of) Unable to set text (Root cause: java.lang.IllegalArgumentException: Object is null)

2018-08-16 19:02:55 - [TEST_STEP][PASSED] - openBrowser: Browser is opened with url: ''

2018-08-16 19:02:55 - [MESSAGE][WARNING] - A browser is already opened. Closing browser and opening a new one

2018-08-16 19:02:56 - [MESSAGE][PASSED] - Browser is opened with url: ''

2018-08-16 19:02:56 - [TEST_STEP][PASSED] - navigateToUrl: Navigate to 'https://www.consumeraffairs.com/' successfully

2018-08-16 19:02:59 - [MESSAGE][PASSED] - Navigate to 'https://www.consumeraffairs.com/' successfully

2018-08-16 19:02:59 - [TEST_STEP][FAILED] - setText: Unable to set text (Root cause: java.lang.IllegalArgumentException: Object is null)

2018-08-16 19:02:59 - [MESSAGE][WARNING] - Test object with id 'Object Repository/Page_ConsumerAffairs.com Research. /input_q' does not exist

2018-08-16 19:02:59 - [MESSAGE][WARNING] - Test object with id 'Object Repository/' does not exist

2018-08-16 19:02:59 - [MESSAGE][FAILED] - Unable to set text (Root cause: java.lang.IllegalArgumentException: Object is null)
[[ATTACHMENT|/Users/rodrigodavila/Katalon Studio/TestProject1/Reports/CA_Suite_1/20180816_190225/1534456979331.png]]]]></system-out>
         <system-err><![CDATA[2018-08-16 19:02:55 - [TEST_CASE][FAILED] - Test Cases/CA_Test_5: Test Cases/CA_Test_5 FAILED because (of) Unable to set text (Root cause: java.lang.IllegalArgumentException: Object is null)]]></system-err>
      </testcase>
      <testcase name="Test Cases/CA_Test_6" classname="Test Cases/CA_Test_6" status="FAILED">
         <failure type="FAILED" message="Unable to click on object (Root cause: java.lang.IllegalArgumentException: Object is null)"/>
         <system-out><![CDATA[2018-08-16 19:02:59 - [TEST_CASE][FAILED] - Test Cases/CA_Test_6: Test Cases/CA_Test_6 FAILED because (of) Unable to click on object (Root cause: java.lang.IllegalArgumentException: Object is null)

2018-08-16 19:02:59 - [TEST_STEP][PASSED] - openBrowser: Browser is opened with url: ''

2018-08-16 19:02:59 - [MESSAGE][WARNING] - A browser is already opened. Closing browser and opening a new one

2018-08-16 19:03:00 - [MESSAGE][PASSED] - Browser is opened with url: ''

2018-08-16 19:03:00 - [TEST_STEP][PASSED] - navigateToUrl: Navigate to 'https://www.consumeraffairs.com/' successfully

2018-08-16 19:03:02 - [MESSAGE][PASSED] - Navigate to 'https://www.consumeraffairs.com/' successfully

2018-08-16 19:03:02 - [TEST_STEP][FAILED] - click: Unable to click on object (Root cause: java.lang.IllegalArgumentException: Object is null)

2018-08-16 19:03:02 - [MESSAGE][WARNING] - Test object id is null

2018-08-16 19:03:02 - [MESSAGE][WARNING] - Test object with id 'Object Repository/' does not exist

2018-08-16 19:03:03 - [MESSAGE][FAILED] - Unable to click on object (Root cause: java.lang.IllegalArgumentException: Object is null)
[[ATTACHMENT|/Users/rodrigodavila/Katalon Studio/TestProject1/Reports/CA_Suite_1/20180816_190225/1534456982884.png]]]]></system-out>
         <system-err><![CDATA[2018-08-16 19:02:59 - [TEST_CASE][FAILED] - Test Cases/CA_Test_6: Test Cases/CA_Test_6 FAILED because (of) Unable to click on object (Root cause: java.lang.IllegalArgumentException: Object is null)]]></system-err>
      </testcase>
      <system-out><![CDATA[2018-08-16 19:02:27 - [TEST_SUITE][FAILED] - CA_Suite_1: Test Cases/CA_Test_3 FAILED because (of) Unable to click on object (Root cause: java.lang.IllegalArgumentException: Object is null)]]></system-out>
      <system-err><![CDATA[2018-08-16 19:02:27 - [TEST_SUITE][FAILED] - CA_Suite_1: Test Cases/CA_Test_3 FAILED because (of) Unable to click on object (Root cause: java.lang.IllegalArgumentException: Object is null)]]></system-err>
   </testsuite>
</testsuites>
