<?xml version="1.0" encoding="UTF-8"?>
<testsuites name="CA_Suite_1" time="10" tests="1" failures="0" errors="0">
   <testsuite name="CA_Suite_1" tests="1" failures="0" errors="0" time="10" timestamp="2018-08-15 15:16:49" hostname="rodrigodavila - 192.168.1.100" id="Test Suites/CA_Suite_1">
      <properties>
         <property name="deviceName" value=""/>
         <property name="devicePlatform" value=""/>
         <property name="logFolder" value="/Users/rodrigodavila/Katalon Studio/TestProject1/Reports/CA_Suite_1/20180815_151646"/>
         <property name="logFiles" value="/Users/rodrigodavila/Katalon Studio/TestProject1/Reports/CA_Suite_1/20180815_151646/execution0.log"/>
         <property name="attachments" value=""/>
         <property name="hostName" value="rodrigodavila - 192.168.1.100"/>
         <property name="os" value="Mac OS X 64bit"/>
         <property name="katalonVersion" value="5.6.0.1"/>
         <property name="browser" value="Chrome 68.0.3440.106"/>
         <property name="hostAddress" value="192.168.1.100"/>
         <property name="sessionId" value="c72b76936325f23db19668aa767735b4"/>
         <property name="seleniumVersion" value="3.7.1"/>
         <property name="proxyInformation" value="ProxyInformation{proxyOption=NO_PROXY, proxyServerType=HTTP, password=, proxyServerAddress=, proxyServerPort=0}"/>
         <property name="platform" value="Mac OS X"/>
      </properties>
      <testcase name="Test Cases/CA_Test_1" classname="Test Cases/CA_Test_1" status="PASSED">
         <system-out><![CDATA[2018-08-15 15:16:50 - [TEST_CASE][PASSED] - Test Cases/CA_Test_1: Test Cases/CA_Test_1

2018-08-15 15:16:50 - [TEST_STEP][PASSED] - openBrowser: Browser is opened with url: ''

2018-08-15 15:16:53 - [MESSAGE][PASSED] - Browser is opened with url: ''

2018-08-15 15:16:53 - [TEST_STEP][PASSED] - navigateToUrl: Navigate to 'https://www.consumeraffairs.com/' successfully

2018-08-15 15:16:56 - [MESSAGE][PASSED] - Navigate to 'https://www.consumeraffairs.com/' successfully

2018-08-15 15:16:56 - [TEST_STEP][PASSED] - click: Object: 'Object Repository/Page_ConsumerAffairs.com Research./div_Dog Food' is clicked on

2018-08-15 15:16:59 - [MESSAGE][PASSED] - Object: 'Object Repository/Page_ConsumerAffairs.com Research./div_Dog Food' is clicked on

2018-08-15 15:16:59 - [TEST_STEP][PASSED] - verifyElementClickable: Object 'Object Repository/Page_Best Dog Food  ConsumerAffairs/a_Visit Website' is clickable

2018-08-15 15:16:59 - [MESSAGE][PASSED] - Object 'Object Repository/Page_Best Dog Food  ConsumerAffairs/a_Visit Website' is clickable

2018-08-15 15:16:59 - [TEST_STEP][PASSED] - click: Object: 'Object Repository/Page_Best Dog Food  ConsumerAffairs/a_Visit Website' is clicked on

2018-08-15 15:16:59 - [MESSAGE][PASSED] - Object: 'Object Repository/Page_Best Dog Food  ConsumerAffairs/a_Visit Website' is clicked on]]></system-out>
         <system-err><![CDATA[]]></system-err>
      </testcase>
      <system-out><![CDATA[2018-08-15 15:16:49 - [TEST_SUITE][PASSED] - CA_Suite_1: Test Cases/CA_Test_1]]></system-out>
      <system-err><![CDATA[]]></system-err>
   </testsuite>
</testsuites>
